<?xml version="1.0" encoding="UTF-8"?>
<!-- Generated by org.testng.reporters.JUnitReportReporter -->
<testsuite hostname="Xinyang" failures="0" tests="1" name="testcases.LoginTest_PO" time="28.048" errors="0" timestamp="2025-01-22T13:34:05 GMT" skipped="0">
  <testcase classname="testcases.LoginTest_PO" name="login_success" time="28.048"/>
</testsuite> <!-- testcases.LoginTest_PO -->
